Vivado Simulator v2024.1
Copyright 1986-2022 Xilinx, Inc. All Rights Reserved.
Copyright 2022-2024 Advanced Micro Devices, Inc. All Rights Reserved.
Running: C:/Xilinx/Vivado/2024.1/bin/unwrapped/win64.o/xelab.exe --incr --debug typical --relax --mt 2 --maxdelay -L xil_defaultlib -L simprims_ver -L secureip --snapshot TOP_levelModule_time_impl -transport_int_delays -pulse_r 0 -pulse_int_r 0 -pulse_e 0 -pulse_int_e 0 xil_defaultlib.TOP_levelModule xil_defaultlib.glbl -log elaborate.log 
Using 2 slave threads.
Starting static elaboration
Pass Through NonSizing Optimizer
Completed static elaboration
Starting simulation data flow analysis
Completed simulation data flow analysis
INFO: [XSIM 43-3451] SDF backannotation process started with SDF file "TOP_levelModule_time_impl.sdf", for root module "TOP_levelModule".
WARNING: [XSIM 43-3477] Unable to find hierarchical path /TOP_levelModule/DebounceControlModule_insy/counter0_inferred__0/i__carry in the HDL hierarchy, annotation will be skipped.
WARNING: [XSIM 43-3477] Unable to find hierarchical path /TOP_levelModule/DebounceControlModule_insy/counter0_inferred__0/i__carry__0 in the HDL hierarchy, annotation will be skipped.
WARNING: [XSIM 43-3477] Unable to find hierarchical path /TOP_levelModule/DebounceControlModule_insy/counter0_inferred__0/i__carry__1 in the HDL hierarchy, annotation will be skipped.
WARNING: [XSIM 43-3477] Unable to find hierarchical path /TOP_levelModule/DebounceControlModule_insy/counter0_inferred__0/i__carry__2 in the HDL hierarchy, annotation will be skipped.
WARNING: [XSIM 43-3477] Unable to find hierarchical path /TOP_levelModule/DebounceControlModule_insy/counter[0]_i_1 in the HDL hierarchy, annotation will be skipped.
WARNING: [XSIM 43-3477] Unable to find hierarchical path /TOP_levelModule/DebounceControlModule_insy/counter[0]_i_3 in the HDL hierarchy, annotation will be skipped.
WARNING: [XSIM 43-3477] Unable to find hierarchical path /TOP_levelModule/DebounceControlModule_insy/counter_reg[0] in the HDL hierarchy, annotation will be skipped.
WARNING: [XSIM 43-3477] Unable to find hierarchical path /TOP_levelModule/DebounceControlModule_insy/counter_reg[0]_i_2 in the HDL hierarchy, annotation will be skipped.
WARNING: [XSIM 43-3477] Unable to find hierarchical path /TOP_levelModule/DebounceControlModule_insy/counter_reg[10] in the HDL hierarchy, annotation will be skipped.
WARNING: [XSIM 43-3477] Unable to find hierarchical path /TOP_levelModule/DebounceControlModule_insy/counter_reg[11] in the HDL hierarchy, annotation will be skipped.
WARNING: [XSIM 43-3477] Unable to find hierarchical path /TOP_levelModule/DebounceControlModule_insy/counter_reg[12] in the HDL hierarchy, annotation will be skipped.
WARNING: [XSIM 43-3477] Unable to find hierarchical path /TOP_levelModule/DebounceControlModule_insy/counter_reg[12]_i_1 in the HDL hierarchy, annotation will be skipped.
WARNING: [XSIM 43-3477] Unable to find hierarchical path /TOP_levelModule/DebounceControlModule_insy/counter_reg[13] in the HDL hierarchy, annotation will be skipped.
WARNING: [XSIM 43-3477] Unable to find hierarchical path /TOP_levelModule/DebounceControlModule_insy/counter_reg[14] in the HDL hierarchy, annotation will be skipped.
WARNING: [XSIM 43-3477] Unable to find hierarchical path /TOP_levelModule/DebounceControlModule_insy/counter_reg[15] in the HDL hierarchy, annotation will be skipped.
WARNING: [XSIM 43-3477] Unable to find hierarchical path /TOP_levelModule/DebounceControlModule_insy/counter_reg[16] in the HDL hierarchy, annotation will be skipped.
WARNING: [XSIM 43-3477] Unable to find hierarchical path /TOP_levelModule/DebounceControlModule_insy/counter_reg[16]_i_1 in the HDL hierarchy, annotation will be skipped.
WARNING: [XSIM 43-3477] Unable to find hierarchical path /TOP_levelModule/DebounceControlModule_insy/counter_reg[17] in the HDL hierarchy, annotation will be skipped.
WARNING: [XSIM 43-3477] Unable to find hierarchical path /TOP_levelModule/DebounceControlModule_insy/counter_reg[18] in the HDL hierarchy, annotation will be skipped.
WARNING: [XSIM 43-3477] Unable to find hierarchical path /TOP_levelModule/DebounceControlModule_insy/counter_reg[19] in the HDL hierarchy, annotation will be skipped.
WARNING: [XSIM 43-3477] Unable to find hierarchical path /TOP_levelModule/DebounceControlModule_insy/counter_reg[1] in the HDL hierarchy, annotation will be skipped.
WARNING: [XSIM 43-3477] Unable to find hierarchical path /TOP_levelModule/DebounceControlModule_insy/counter_reg[20] in the HDL hierarchy, annotation will be skipped.
WARNING: [XSIM 43-3477] Unable to find hierarchical path /TOP_levelModule/DebounceControlModule_insy/counter_reg[20]_i_1 in the HDL hierarchy, annotation will be skipped.
WARNING: [XSIM 43-3477] Unable to find hierarchical path /TOP_levelModule/DebounceControlModule_insy/counter_reg[21] in the HDL hierarchy, annotation will be skipped.
WARNING: [XSIM 43-3477] Unable to find hierarchical path /TOP_levelModule/DebounceControlModule_insy/counter_reg[22] in the HDL hierarchy, annotation will be skipped.
WARNING: [XSIM 43-3477] Unable to find hierarchical path /TOP_levelModule/DebounceControlModule_insy/counter_reg[23] in the HDL hierarchy, annotation will be skipped.
WARNING: [XSIM 43-3477] Unable to find hierarchical path /TOP_levelModule/DebounceControlModule_insy/counter_reg[24] in the HDL hierarchy, annotation will be skipped.
WARNING: [XSIM 43-3477] Unable to find hierarchical path /TOP_levelModule/DebounceControlModule_insy/counter_reg[24]_i_1 in the HDL hierarchy, annotation will be skipped.
WARNING: [XSIM 43-3477] Unable to find hierarchical path /TOP_levelModule/DebounceControlModule_insy/counter_reg[25] in the HDL hierarchy, annotation will be skipped.
WARNING: [XSIM 43-3477] Unable to find hierarchical path /TOP_levelModule/DebounceControlModule_insy/counter_reg[26] in the HDL hierarchy, annotation will be skipped.
WARNING: [XSIM 43-3477] Unable to find hierarchical path /TOP_levelModule/DebounceControlModule_insy/counter_reg[27] in the HDL hierarchy, annotation will be skipped.
WARNING: [XSIM 43-3477] Unable to find hierarchical path /TOP_levelModule/DebounceControlModule_insy/counter_reg[28] in the HDL hierarchy, annotation will be skipped.
WARNING: [XSIM 43-3477] Unable to find hierarchical path /TOP_levelModule/DebounceControlModule_insy/counter_reg[28]_i_1 in the HDL hierarchy, annotation will be skipped.
WARNING: [XSIM 43-3477] Unable to find hierarchical path /TOP_levelModule/DebounceControlModule_insy/counter_reg[29] in the HDL hierarchy, annotation will be skipped.
WARNING: [XSIM 43-3477] Unable to find hierarchical path /TOP_levelModule/DebounceControlModule_insy/counter_reg[2] in the HDL hierarchy, annotation will be skipped.
WARNING: [XSIM 43-3477] Unable to find hierarchical path /TOP_levelModule/DebounceControlModule_insy/counter_reg[30] in the HDL hierarchy, annotation will be skipped.
WARNING: [XSIM 43-3477] Unable to find hierarchical path /TOP_levelModule/DebounceControlModule_insy/counter_reg[31] in the HDL hierarchy, annotation will be skipped.
WARNING: [XSIM 43-3477] Unable to find hierarchical path /TOP_levelModule/DebounceControlModule_insy/counter_reg[3] in the HDL hierarchy, annotation will be skipped.
WARNING: [XSIM 43-3477] Unable to find hierarchical path /TOP_levelModule/DebounceControlModule_insy/counter_reg[4] in the HDL hierarchy, annotation will be skipped.
WARNING: [XSIM 43-3477] Unable to find hierarchical path /TOP_levelModule/DebounceControlModule_insy/counter_reg[4]_i_1 in the HDL hierarchy, annotation will be skipped.
WARNING: [XSIM 43-3477] Unable to find hierarchical path /TOP_levelModule/DebounceControlModule_insy/counter_reg[5] in the HDL hierarchy, annotation will be skipped.
WARNING: [XSIM 43-3477] Unable to find hierarchical path /TOP_levelModule/DebounceControlModule_insy/counter_reg[6] in the HDL hierarchy, annotation will be skipped.
WARNING: [XSIM 43-3477] Unable to find hierarchical path /TOP_levelModule/DebounceControlModule_insy/counter_reg[7] in the HDL hierarchy, annotation will be skipped.
WARNING: [XSIM 43-3477] Unable to find hierarchical path /TOP_levelModule/DebounceControlModule_insy/counter_reg[8] in the HDL hierarchy, annotation will be skipped.
WARNING: [XSIM 43-3477] Unable to find hierarchical path /TOP_levelModule/DebounceControlModule_insy/counter_reg[8]_i_1 in the HDL hierarchy, annotation will be skipped.
WARNING: [XSIM 43-3477] Unable to find hierarchical path /TOP_levelModule/DebounceControlModule_insy/counter_reg[9] in the HDL hierarchy, annotation will be skipped.
WARNING: [XSIM 43-3477] Unable to find hierarchical path /TOP_levelModule/Decoser_inst/InsertedBits[0]_i_1 in the HDL hierarchy, annotation will be skipped.
WARNING: [XSIM 43-3477] Unable to find hierarchical path /TOP_levelModule/Decoser_inst/InsertedBits[1]_i_1 in the HDL hierarchy, annotation will be skipped.
WARNING: [XSIM 43-3477] Unable to find hierarchical path /TOP_levelModule/Decoser_inst/InsertedBits[2]_i_1 in the HDL hierarchy, annotation will be skipped.
WARNING: [XSIM 43-3477] Unable to find hierarchical path /TOP_levelModule/Decoser_inst/InsertedBits[3]_i_1 in the HDL hierarchy, annotation will be skipped.
WARNING: [XSIM 43-3477] Unable to find hierarchical path /TOP_levelModule/Decoser_inst/InsertedBits[3]_i_2 in the HDL hierarchy, annotation will be skipped.
WARNING: [XSIM 43-3477] Unable to find hierarchical path /TOP_levelModule/Decoser_inst/InsertedBits[3]_i_3 in the HDL hierarchy, annotation will be skipped.
WARNING: [XSIM 43-3477] Unable to find hierarchical path /TOP_levelModule/Decoser_inst/InsertedBits[3]_i_4 in the HDL hierarchy, annotation will be skipped.
WARNING: [XSIM 43-3477] Unable to find hierarchical path /TOP_levelModule/Decoser_inst/InsertedBits_reg[0] in the HDL hierarchy, annotation will be skipped.
WARNING: [XSIM 43-3477] Unable to find hierarchical path /TOP_levelModule/Decoser_inst/InsertedBits_reg[1] in the HDL hierarchy, annotation will be skipped.
WARNING: [XSIM 43-3477] Unable to find hierarchical path /TOP_levelModule/Decoser_inst/InsertedBits_reg[2] in the HDL hierarchy, annotation will be skipped.
WARNING: [XSIM 43-3477] Unable to find hierarchical path /TOP_levelModule/Decoser_inst/InsertedBits_reg[3] in the HDL hierarchy, annotation will be skipped.
WARNING: [XSIM 43-3477] Unable to find hierarchical path /TOP_levelModule/Decoser_inst/mappedBinary[15]_i_1 in the HDL hierarchy, annotation will be skipped.
WARNING: [XSIM 43-3477] Unable to find hierarchical path /TOP_levelModule/Decoser_inst/mappedBinary_reg[0] in the HDL hierarchy, annotation will be skipped.
WARNING: [XSIM 43-3477] Unable to find hierarchical path /TOP_levelModule/Decoser_inst/mappedBinary_reg[10] in the HDL hierarchy, annotation will be skipped.
WARNING: [XSIM 43-3477] Unable to find hierarchical path /TOP_levelModule/Decoser_inst/mappedBinary_reg[11] in the HDL hierarchy, annotation will be skipped.
WARNING: [XSIM 43-3477] Unable to find hierarchical path /TOP_levelModule/Decoser_inst/mappedBinary_reg[12] in the HDL hierarchy, annotation will be skipped.
WARNING: [XSIM 43-3477] Unable to find hierarchical path /TOP_levelModule/Decoser_inst/mappedBinary_reg[13] in the HDL hierarchy, annotation will be skipped.
WARNING: [XSIM 43-3477] Unable to find hierarchical path /TOP_levelModule/Decoser_inst/mappedBinary_reg[14] in the HDL hierarchy, annotation will be skipped.
WARNING: [XSIM 43-3477] Unable to find hierarchical path /TOP_levelModule/Decoser_inst/mappedBinary_reg[15] in the HDL hierarchy, annotation will be skipped.
WARNING: [XSIM 43-3477] Unable to find hierarchical path /TOP_levelModule/Decoser_inst/mappedBinary_reg[1] in the HDL hierarchy, annotation will be skipped.
WARNING: [XSIM 43-3477] Unable to find hierarchical path /TOP_levelModule/Decoser_inst/mappedBinary_reg[2] in the HDL hierarchy, annotation will be skipped.
WARNING: [XSIM 43-3477] Unable to find hierarchical path /TOP_levelModule/Decoser_inst/mappedBinary_reg[3] in the HDL hierarchy, annotation will be skipped.
WARNING: [XSIM 43-3477] Unable to find hierarchical path /TOP_levelModule/Decoser_inst/mappedBinary_reg[4] in the HDL hierarchy, annotation will be skipped.
WARNING: [XSIM 43-3477] Unable to find hierarchical path /TOP_levelModule/Decoser_inst/mappedBinary_reg[5] in the HDL hierarchy, annotation will be skipped.
WARNING: [XSIM 43-3477] Unable to find hierarchical path /TOP_levelModule/Decoser_inst/mappedBinary_reg[6] in the HDL hierarchy, annotation will be skipped.
WARNING: [XSIM 43-3477] Unable to find hierarchical path /TOP_levelModule/Decoser_inst/mappedBinary_reg[7] in the HDL hierarchy, annotation will be skipped.
WARNING: [XSIM 43-3477] Unable to find hierarchical path /TOP_levelModule/Decoser_inst/mappedBinary_reg[8] in the HDL hierarchy, annotation will be skipped.
WARNING: [XSIM 43-3477] Unable to find hierarchical path /TOP_levelModule/Decoser_inst/mappedBinary_reg[9] in the HDL hierarchy, annotation will be skipped.
WARNING: [XSIM 43-3477] Unable to find hierarchical path /TOP_levelModule/Decoser_inst/morseCode[0]_i_1 in the HDL hierarchy, annotation will be skipped.
WARNING: [XSIM 43-3477] Unable to find hierarchical path /TOP_levelModule/Decoser_inst/morseCode[0]_i_2 in the HDL hierarchy, annotation will be skipped.
WARNING: [XSIM 43-3477] Unable to find hierarchical path /TOP_levelModule/Decoser_inst/morseCode[0]_i_3 in the HDL hierarchy, annotation will be skipped.
WARNING: [XSIM 43-3477] Unable to find hierarchical path /TOP_levelModule/Decoser_inst/morseCode[10]_i_1 in the HDL hierarchy, annotation will be skipped.
WARNING: [XSIM 43-3477] Unable to find hierarchical path /TOP_levelModule/Decoser_inst/morseCode[10]_i_2 in the HDL hierarchy, annotation will be skipped.
WARNING: [XSIM 43-3477] Unable to find hierarchical path /TOP_levelModule/Decoser_inst/morseCode[10]_i_3 in the HDL hierarchy, annotation will be skipped.
WARNING: [XSIM 43-3477] Unable to find hierarchical path /TOP_levelModule/Decoser_inst/morseCode[11]_i_1 in the HDL hierarchy, annotation will be skipped.
WARNING: [XSIM 43-3477] Unable to find hierarchical path /TOP_levelModule/Decoser_inst/morseCode[11]_i_2 in the HDL hierarchy, annotation will be skipped.
WARNING: [XSIM 43-3477] Unable to find hierarchical path /TOP_levelModule/Decoser_inst/morseCode[11]_i_3 in the HDL hierarchy, annotation will be skipped.
WARNING: [XSIM 43-3477] Unable to find hierarchical path /TOP_levelModule/Decoser_inst/morseCode[12]_i_1 in the HDL hierarchy, annotation will be skipped.
WARNING: [XSIM 43-3477] Unable to find hierarchical path /TOP_levelModule/Decoser_inst/morseCode[12]_i_2 in the HDL hierarchy, annotation will be skipped.
WARNING: [XSIM 43-3477] Unable to find hierarchical path /TOP_levelModule/Decoser_inst/morseCode[12]_i_3 in the HDL hierarchy, annotation will be skipped.
WARNING: [XSIM 43-3477] Unable to find hierarchical path /TOP_levelModule/Decoser_inst/morseCode[13]_i_1 in the HDL hierarchy, annotation will be skipped.
WARNING: [XSIM 43-3477] Unable to find hierarchical path /TOP_levelModule/Decoser_inst/morseCode[13]_i_2 in the HDL hierarchy, annotation will be skipped.
WARNING: [XSIM 43-3477] Unable to find hierarchical path /TOP_levelModule/Decoser_inst/morseCode[13]_i_3 in the HDL hierarchy, annotation will be skipped.
WARNING: [XSIM 43-3477] Unable to find hierarchical path /TOP_levelModule/Decoser_inst/morseCode[14]_i_1 in the HDL hierarchy, annotation will be skipped.
WARNING: [XSIM 43-3477] Unable to find hierarchical path /TOP_levelModule/Decoser_inst/morseCode[14]_i_2 in the HDL hierarchy, annotation will be skipped.
WARNING: [XSIM 43-3477] Unable to find hierarchical path /TOP_levelModule/Decoser_inst/morseCode[14]_i_3 in the HDL hierarchy, annotation will be skipped.
WARNING: [XSIM 43-3477] Unable to find hierarchical path /TOP_levelModule/Decoser_inst/morseCode[15]_i_1 in the HDL hierarchy, annotation will be skipped.
WARNING: [XSIM 43-3477] Unable to find hierarchical path /TOP_levelModule/Decoser_inst/morseCode[15]_i_2 in the HDL hierarchy, annotation will be skipped.
WARNING: [XSIM 43-3477] Unable to find hierarchical path /TOP_levelModule/Decoser_inst/morseCode[15]_i_3 in the HDL hierarchy, annotation will be skipped.
WARNING: [XSIM 43-3477] Unable to find hierarchical path /TOP_levelModule/Decoser_inst/morseCode[1]_i_1 in the HDL hierarchy, annotation will be skipped.
WARNING: [XSIM 43-3477] Unable to find hierarchical path /TOP_levelModule/Decoser_inst/morseCode[1]_i_2 in the HDL hierarchy, annotation will be skipped.
WARNING: [XSIM 43-3477] Unable to find hierarchical path /TOP_levelModule/Decoser_inst/morseCode[1]_i_3 in the HDL hierarchy, annotation will be skipped.
WARNING: [XSIM 43-3477] Unable to find hierarchical path /TOP_levelModule/Decoser_inst/morseCode[2]_i_1 in the HDL hierarchy, annotation will be skipped.
WARNING: [XSIM 43-3477] Unable to find hierarchical path /TOP_levelModule/Decoser_inst/morseCode[2]_i_2 in the HDL hierarchy, annotation will be skipped.
WARNING: [XSIM 43-3477] Unable to find hierarchical path /TOP_levelModule/Decoser_inst/morseCode[2]_i_3 in the HDL hierarchy, annotation will be skipped.
WARNING: [XSIM 43-3477] Unable to find hierarchical path /TOP_levelModule/Decoser_inst/morseCode[3]_i_1 in the HDL hierarchy, annotation will be skipped.
WARNING: [XSIM 43-3477] Unable to find hierarchical path /TOP_levelModule/Decoser_inst/morseCode[3]_i_2 in the HDL hierarchy, annotation will be skipped.
WARNING: [XSIM 43-3477] Unable to find hierarchical path /TOP_levelModule/Decoser_inst/morseCode[3]_i_3 in the HDL hierarchy, annotation will be skipped.
WARNING: [XSIM 43-3477] Unable to find hierarchical path /TOP_levelModule/Decoser_inst/morseCode[4]_i_1 in the HDL hierarchy, annotation will be skipped.
WARNING: [XSIM 43-3477] Unable to find hierarchical path /TOP_levelModule/Decoser_inst/morseCode[4]_i_2 in the HDL hierarchy, annotation will be skipped.
WARNING: [XSIM 43-3477] Unable to find hierarchical path /TOP_levelModule/Decoser_inst/morseCode[4]_i_3 in the HDL hierarchy, annotation will be skipped.
WARNING: [XSIM 43-3477] Unable to find hierarchical path /TOP_levelModule/Decoser_inst/morseCode[5]_i_1 in the HDL hierarchy, annotation will be skipped.
WARNING: [XSIM 43-3477] Unable to find hierarchical path /TOP_levelModule/Decoser_inst/morseCode[5]_i_2 in the HDL hierarchy, annotation will be skipped.
WARNING: [XSIM 43-3477] Unable to find hierarchical path /TOP_levelModule/Decoser_inst/morseCode[5]_i_3 in the HDL hierarchy, annotation will be skipped.
WARNING: [XSIM 43-3477] Unable to find hierarchical path /TOP_levelModule/Decoser_inst/morseCode[6]_i_1 in the HDL hierarchy, annotation will be skipped.
WARNING: [XSIM 43-3477] Unable to find hierarchical path /TOP_levelModule/Decoser_inst/morseCode[6]_i_2 in the HDL hierarchy, annotation will be skipped.
WARNING: [XSIM 43-3477] Unable to find hierarchical path /TOP_levelModule/Decoser_inst/morseCode[6]_i_3 in the HDL hierarchy, annotation will be skipped.
WARNING: [XSIM 43-3477] Unable to find hierarchical path /TOP_levelModule/Decoser_inst/morseCode[7]_i_1 in the HDL hierarchy, annotation will be skipped.
WARNING: [XSIM 43-3477] Unable to find hierarchical path /TOP_levelModule/Decoser_inst/morseCode[7]_i_2 in the HDL hierarchy, annotation will be skipped.
WARNING: [XSIM 43-3477] Unable to find hierarchical path /TOP_levelModule/Decoser_inst/morseCode[7]_i_3 in the HDL hierarchy, annotation will be skipped.
WARNING: [XSIM 43-3477] Unable to find hierarchical path /TOP_levelModule/Decoser_inst/morseCode[8]_i_1 in the HDL hierarchy, annotation will be skipped.
WARNING: [XSIM 43-3477] Unable to find hierarchical path /TOP_levelModule/Decoser_inst/morseCode[8]_i_2 in the HDL hierarchy, annotation will be skipped.
WARNING: [XSIM 43-3477] Unable to find hierarchical path /TOP_levelModule/Decoser_inst/morseCode[8]_i_3 in the HDL hierarchy, annotation will be skipped.
WARNING: [XSIM 43-3477] Unable to find hierarchical path /TOP_levelModule/Decoser_inst/morseCode[9]_i_1 in the HDL hierarchy, annotation will be skipped.
WARNING: [XSIM 43-3477] Unable to find hierarchical path /TOP_levelModule/Decoser_inst/morseCode[9]_i_2 in the HDL hierarchy, annotation will be skipped.
WARNING: [XSIM 43-3477] Unable to find hierarchical path /TOP_levelModule/Decoser_inst/morseCode[9]_i_3 in the HDL hierarchy, annotation will be skipped.
WARNING: [XSIM 43-3477] Unable to find hierarchical path /TOP_levelModule/Decoser_inst/morseCode_reg[0] in the HDL hierarchy, annotation will be skipped.
WARNING: [XSIM 43-3477] Unable to find hierarchical path /TOP_levelModule/Decoser_inst/morseCode_reg[10] in the HDL hierarchy, annotation will be skipped.
WARNING: [XSIM 43-3477] Unable to find hierarchical path /TOP_levelModule/Decoser_inst/morseCode_reg[11] in the HDL hierarchy, annotation will be skipped.
WARNING: [XSIM 43-3477] Unable to find hierarchical path /TOP_levelModule/Decoser_inst/morseCode_reg[12] in the HDL hierarchy, annotation will be skipped.
WARNING: [XSIM 43-3477] Unable to find hierarchical path /TOP_levelModule/Decoser_inst/morseCode_reg[13] in the HDL hierarchy, annotation will be skipped.
WARNING: [XSIM 43-3477] Unable to find hierarchical path /TOP_levelModule/Decoser_inst/morseCode_reg[14] in the HDL hierarchy, annotation will be skipped.
WARNING: [XSIM 43-3477] Unable to find hierarchical path /TOP_levelModule/Decoser_inst/morseCode_reg[15] in the HDL hierarchy, annotation will be skipped.
WARNING: [XSIM 43-3477] Unable to find hierarchical path /TOP_levelModule/Decoser_inst/morseCode_reg[1] in the HDL hierarchy, annotation will be skipped.
WARNING: [XSIM 43-3477] Unable to find hierarchical path /TOP_levelModule/Decoser_inst/morseCode_reg[2] in the HDL hierarchy, annotation will be skipped.
WARNING: [XSIM 43-3477] Unable to find hierarchical path /TOP_levelModule/Decoser_inst/morseCode_reg[3] in the HDL hierarchy, annotation will be skipped.
WARNING: [XSIM 43-3477] Unable to find hierarchical path /TOP_levelModule/Decoser_inst/morseCode_reg[4] in the HDL hierarchy, annotation will be skipped.
WARNING: [XSIM 43-3477] Unable to find hierarchical path /TOP_levelModule/Decoser_inst/morseCode_reg[5] in the HDL hierarchy, annotation will be skipped.
WARNING: [XSIM 43-3477] Unable to find hierarchical path /TOP_levelModule/Decoser_inst/morseCode_reg[6] in the HDL hierarchy, annotation will be skipped.
WARNING: [XSIM 43-3477] Unable to find hierarchical path /TOP_levelModule/Decoser_inst/morseCode_reg[7] in the HDL hierarchy, annotation will be skipped.
WARNING: [XSIM 43-3477] Unable to find hierarchical path /TOP_levelModule/Decoser_inst/morseCode_reg[8] in the HDL hierarchy, annotation will be skipped.
WARNING: [XSIM 43-3477] Unable to find hierarchical path /TOP_levelModule/Decoser_inst/morseCode_reg[9] in the HDL hierarchy, annotation will be skipped.
WARNING: [XSIM 43-3477] Unable to find hierarchical path /TOP_levelModule/Decoser_inst/pushTimerOFF[0]_i_1 in the HDL hierarchy, annotation will be skipped.
WARNING: [XSIM 43-3477] Unable to find hierarchical path /TOP_levelModule/Decoser_inst/pushTimerOFF[10]_i_1 in the HDL hierarchy, annotation will be skipped.
WARNING: [XSIM 43-3477] Unable to find hierarchical path /TOP_levelModule/Decoser_inst/pushTimerOFF[10]_i_2 in the HDL hierarchy, annotation will be skipped.
WARNING: [XSIM 43-3477] Unable to find hierarchical path /TOP_levelModule/Decoser_inst/pushTimerOFF[1]_i_1 in the HDL hierarchy, annotation will be skipped.
WARNING: [XSIM 43-3477] Unable to find hierarchical path /TOP_levelModule/Decoser_inst/pushTimerOFF[2]_i_1 in the HDL hierarchy, annotation will be skipped.
WARNING: [XSIM 43-3477] Unable to find hierarchical path /TOP_levelModule/Decoser_inst/pushTimerOFF[3]_i_1 in the HDL hierarchy, annotation will be skipped.
WARNING: [XSIM 43-3477] Unable to find hierarchical path /TOP_levelModule/Decoser_inst/pushTimerOFF[4]_i_1 in the HDL hierarchy, annotation will be skipped.
WARNING: [XSIM 43-3477] Unable to find hierarchical path /TOP_levelModule/Decoser_inst/pushTimerOFF[5]_i_1 in the HDL hierarchy, annotation will be skipped.
WARNING: [XSIM 43-3477] Unable to find hierarchical path /TOP_levelModule/Decoser_inst/pushTimerOFF[6]_i_1 in the HDL hierarchy, annotation will be skipped.
WARNING: [XSIM 43-3477] Unable to find hierarchical path /TOP_levelModule/Decoser_inst/pushTimerOFF[7]_i_1 in the HDL hierarchy, annotation will be skipped.
WARNING: [XSIM 43-3477] Unable to find hierarchical path /TOP_levelModule/Decoser_inst/pushTimerOFF[8]_i_1 in the HDL hierarchy, annotation will be skipped.
WARNING: [XSIM 43-3477] Unable to find hierarchical path /TOP_levelModule/Decoser_inst/pushTimerOFF[9]_i_1 in the HDL hierarchy, annotation will be skipped.
WARNING: [XSIM 43-3477] Unable to find hierarchical path /TOP_levelModule/Decoser_inst/pushTimerOFF_reg[0] in the HDL hierarchy, annotation will be skipped.
WARNING: [XSIM 43-3477] Unable to find hierarchical path /TOP_levelModule/Decoser_inst/pushTimerOFF_reg[10] in the HDL hierarchy, annotation will be skipped.
WARNING: [XSIM 43-3477] Unable to find hierarchical path /TOP_levelModule/Decoser_inst/pushTimerOFF_reg[1] in the HDL hierarchy, annotation will be skipped.
WARNING: [XSIM 43-3477] Unable to find hierarchical path /TOP_levelModule/Decoser_inst/pushTimerOFF_reg[2] in the HDL hierarchy, annotation will be skipped.
WARNING: [XSIM 43-3477] Unable to find hierarchical path /TOP_levelModule/Decoser_inst/pushTimerOFF_reg[3] in the HDL hierarchy, annotation will be skipped.
WARNING: [XSIM 43-3477] Unable to find hierarchical path /TOP_levelModule/Decoser_inst/pushTimerOFF_reg[4] in the HDL hierarchy, annotation will be skipped.
WARNING: [XSIM 43-3477] Unable to find hierarchical path /TOP_levelModule/Decoser_inst/pushTimerOFF_reg[5] in the HDL hierarchy, annotation will be skipped.
WARNING: [XSIM 43-3477] Unable to find hierarchical path /TOP_levelModule/Decoser_inst/pushTimerOFF_reg[6] in the HDL hierarchy, annotation will be skipped.
WARNING: [XSIM 43-3477] Unable to find hierarchical path /TOP_levelModule/Decoser_inst/pushTimerOFF_reg[7] in the HDL hierarchy, annotation will be skipped.
WARNING: [XSIM 43-3477] Unable to find hierarchical path /TOP_levelModule/Decoser_inst/pushTimerOFF_reg[8] in the HDL hierarchy, annotation will be skipped.
WARNING: [XSIM 43-3477] Unable to find hierarchical path /TOP_levelModule/Decoser_inst/pushTimerOFF_reg[9] in the HDL hierarchy, annotation will be skipped.
WARNING: [XSIM 43-3477] Unable to find hierarchical path /TOP_levelModule/Decoser_inst/pushTimerON[0]_i_1 in the HDL hierarchy, annotation will be skipped.
WARNING: [XSIM 43-3477] Unable to find hierarchical path /TOP_levelModule/Decoser_inst/pushTimerON[1]_i_1 in the HDL hierarchy, annotation will be skipped.
WARNING: [XSIM 43-3477] Unable to find hierarchical path /TOP_levelModule/Decoser_inst/pushTimerON[2]_i_1 in the HDL hierarchy, annotation will be skipped.
WARNING: [XSIM 43-3477] Unable to find hierarchical path /TOP_levelModule/Decoser_inst/pushTimerON[3]_i_1 in the HDL hierarchy, annotation will be skipped.
WARNING: [XSIM 43-3477] Unable to find hierarchical path /TOP_levelModule/Decoser_inst/pushTimerON[4]_i_1 in the HDL hierarchy, annotation will be skipped.
WARNING: [XSIM 43-3477] Unable to find hierarchical path /TOP_levelModule/Decoser_inst/pushTimerON[5]_i_1 in the HDL hierarchy, annotation will be skipped.
WARNING: [XSIM 43-3477] Unable to find hierarchical path /TOP_levelModule/Decoser_inst/pushTimerON[6]_i_1 in the HDL hierarchy, annotation will be skipped.
WARNING: [XSIM 43-3477] Unable to find hierarchical path /TOP_levelModule/Decoser_inst/pushTimerON[7]_i_1 in the HDL hierarchy, annotation will be skipped.
WARNING: [XSIM 43-3477] Unable to find hierarchical path /TOP_levelModule/Decoser_inst/pushTimerON[8]_i_1 in the HDL hierarchy, annotation will be skipped.
WARNING: [XSIM 43-3477] Unable to find hierarchical path /TOP_levelModule/Decoser_inst/pushTimerON[9]_i_1 in the HDL hierarchy, annotation will be skipped.
WARNING: [XSIM 43-3477] Unable to find hierarchical path /TOP_levelModule/Decoser_inst/pushTimerON[9]_i_2 in the HDL hierarchy, annotation will be skipped.
WARNING: [XSIM 43-3477] Unable to find hierarchical path /TOP_levelModule/Decoser_inst/pushTimerON[9]_i_3 in the HDL hierarchy, annotation will be skipped.
WARNING: [XSIM 43-3477] Unable to find hierarchical path /TOP_levelModule/Decoser_inst/pushTimerON_reg[0] in the HDL hierarchy, annotation will be skipped.
WARNING: [XSIM 43-3477] Unable to find hierarchical path /TOP_levelModule/Decoser_inst/pushTimerON_reg[1] in the HDL hierarchy, annotation will be skipped.
WARNING: [XSIM 43-3477] Unable to find hierarchical path /TOP_levelModule/Decoser_inst/pushTimerON_reg[2] in the HDL hierarchy, annotation will be skipped.
WARNING: [XSIM 43-3477] Unable to find hierarchical path /TOP_levelModule/Decoser_inst/pushTimerON_reg[3] in the HDL hierarchy, annotation will be skipped.
WARNING: [XSIM 43-3477] Unable to find hierarchical path /TOP_levelModule/Decoser_inst/pushTimerON_reg[4] in the HDL hierarchy, annotation will be skipped.
WARNING: [XSIM 43-3477] Unable to find hierarchical path /TOP_levelModule/Decoser_inst/pushTimerON_reg[5] in the HDL hierarchy, annotation will be skipped.
WARNING: [XSIM 43-3477] Unable to find hierarchical path /TOP_levelModule/Decoser_inst/pushTimerON_reg[6] in the HDL hierarchy, annotation will be skipped.
WARNING: [XSIM 43-3477] Unable to find hierarchical path /TOP_levelModule/Decoser_inst/pushTimerON_reg[7] in the HDL hierarchy, annotation will be skipped.
WARNING: [XSIM 43-3477] Unable to find hierarchical path /TOP_levelModule/Decoser_inst/pushTimerON_reg[8] in the HDL hierarchy, annotation will be skipped.
WARNING: [XSIM 43-3477] Unable to find hierarchical path /TOP_levelModule/Decoser_inst/pushTimerON_reg[9] in the HDL hierarchy, annotation will be skipped.
WARNING: [XSIM 43-3477] Unable to find hierarchical path /TOP_levelModule/Decoser_inst/segTop_OBUF[0]_inst_i_1 in the HDL hierarchy, annotation will be skipped.
WARNING: [XSIM 43-3477] Unable to find hierarchical path /TOP_levelModule/Decoser_inst/segTop_OBUF[0]_inst_i_10 in the HDL hierarchy, annotation will be skipped.
WARNING: [XSIM 43-3477] Unable to find hierarchical path /TOP_levelModule/Decoser_inst/segTop_OBUF[0]_inst_i_11 in the HDL hierarchy, annotation will be skipped.
WARNING: [XSIM 43-3477] Unable to find hierarchical path /TOP_levelModule/Decoser_inst/segTop_OBUF[0]_inst_i_12 in the HDL hierarchy, annotation will be skipped.
WARNING: [XSIM 43-3477] Unable to find hierarchical path /TOP_levelModule/Decoser_inst/segTop_OBUF[0]_inst_i_2 in the HDL hierarchy, annotation will be skipped.
WARNING: [XSIM 43-3477] Unable to find hierarchical path /TOP_levelModule/Decoser_inst/segTop_OBUF[0]_inst_i_3 in the HDL hierarchy, annotation will be skipped.
WARNING: [XSIM 43-3477] Unable to find hierarchical path /TOP_levelModule/Decoser_inst/segTop_OBUF[0]_inst_i_4 in the HDL hierarchy, annotation will be skipped.
WARNING: [XSIM 43-3477] Unable to find hierarchical path /TOP_levelModule/Decoser_inst/segTop_OBUF[0]_inst_i_5 in the HDL hierarchy, annotation will be skipped.
WARNING: [XSIM 43-3477] Unable to find hierarchical path /TOP_levelModule/Decoser_inst/segTop_OBUF[0]_inst_i_6 in the HDL hierarchy, annotation will be skipped.
WARNING: [XSIM 43-3477] Unable to find hierarchical path /TOP_levelModule/Decoser_inst/segTop_OBUF[0]_inst_i_7 in the HDL hierarchy, annotation will be skipped.
WARNING: [XSIM 43-3477] Unable to find hierarchical path /TOP_levelModule/Decoser_inst/segTop_OBUF[0]_inst_i_8 in the HDL hierarchy, annotation will be skipped.
WARNING: [XSIM 43-3477] Unable to find hierarchical path /TOP_levelModule/Decoser_inst/segTop_OBUF[0]_inst_i_9 in the HDL hierarchy, annotation will be skipped.
WARNING: [XSIM 43-3477] Unable to find hierarchical path /TOP_levelModule/Decoser_inst/segTop_OBUF[1]_inst_i_1 in the HDL hierarchy, annotation will be skipped.
WARNING: [XSIM 43-3477] Unable to find hierarchical path /TOP_levelModule/Decoser_inst/segTop_OBUF[1]_inst_i_10 in the HDL hierarchy, annotation will be skipped.
WARNING: [XSIM 43-3477] Unable to find hierarchical path /TOP_levelModule/Decoser_inst/segTop_OBUF[1]_inst_i_11 in the HDL hierarchy, annotation will be skipped.
WARNING: [XSIM 43-3477] Unable to find hierarchical path /TOP_levelModule/Decoser_inst/segTop_OBUF[1]_inst_i_12 in the HDL hierarchy, annotation will be skipped.
WARNING: [XSIM 43-3477] Unable to find hierarchical path /TOP_levelModule/Decoser_inst/segTop_OBUF[1]_inst_i_2 in the HDL hierarchy, annotation will be skipped.
WARNING: [XSIM 43-3477] Unable to find hierarchical path /TOP_levelModule/Decoser_inst/segTop_OBUF[1]_inst_i_3 in the HDL hierarchy, annotation will be skipped.
WARNING: [XSIM 43-3477] Unable to find hierarchical path /TOP_levelModule/Decoser_inst/segTop_OBUF[1]_inst_i_4 in the HDL hierarchy, annotation will be skipped.
WARNING: [XSIM 43-3477] Unable to find hierarchical path /TOP_levelModule/Decoser_inst/segTop_OBUF[1]_inst_i_5 in the HDL hierarchy, annotation will be skipped.
WARNING: [XSIM 43-3477] Unable to find hierarchical path /TOP_levelModule/Decoser_inst/segTop_OBUF[1]_inst_i_6 in the HDL hierarchy, annotation will be skipped.
WARNING: [XSIM 43-3477] Unable to find hierarchical path /TOP_levelModule/Decoser_inst/segTop_OBUF[1]_inst_i_7 in the HDL hierarchy, annotation will be skipped.
WARNING: [XSIM 43-3477] Unable to find hierarchical path /TOP_levelModule/Decoser_inst/segTop_OBUF[1]_inst_i_8 in the HDL hierarchy, annotation will be skipped.
WARNING: [XSIM 43-3477] Unable to find hierarchical path /TOP_levelModule/Decoser_inst/segTop_OBUF[1]_inst_i_9 in the HDL hierarchy, annotation will be skipped.
WARNING: [XSIM 43-3477] Unable to find hierarchical path /TOP_levelModule/Decoser_inst/segTop_OBUF[2]_inst_i_1 in the HDL hierarchy, annotation will be skipped.
WARNING: [XSIM 43-3477] Unable to find hierarchical path /TOP_levelModule/Decoser_inst/segTop_OBUF[2]_inst_i_10 in the HDL hierarchy, annotation will be skipped.
WARNING: [XSIM 43-3477] Unable to find hierarchical path /TOP_levelModule/Decoser_inst/segTop_OBUF[2]_inst_i_11 in the HDL hierarchy, annotation will be skipped.
WARNING: [XSIM 43-3477] Unable to find hierarchical path /TOP_levelModule/Decoser_inst/segTop_OBUF[2]_inst_i_12 in the HDL hierarchy, annotation will be skipped.
WARNING: [XSIM 43-3477] Unable to find hierarchical path /TOP_levelModule/Decoser_inst/segTop_OBUF[2]_inst_i_2 in the HDL hierarchy, annotation will be skipped.
WARNING: [XSIM 43-3477] Unable to find hierarchical path /TOP_levelModule/Decoser_inst/segTop_OBUF[2]_inst_i_3 in the HDL hierarchy, annotation will be skipped.
WARNING: [XSIM 43-3477] Unable to find hierarchical path /TOP_levelModule/Decoser_inst/segTop_OBUF[2]_inst_i_4 in the HDL hierarchy, annotation will be skipped.
WARNING: [XSIM 43-3477] Unable to find hierarchical path /TOP_levelModule/Decoser_inst/segTop_OBUF[2]_inst_i_5 in the HDL hierarchy, annotation will be skipped.
WARNING: [XSIM 43-3477] Unable to find hierarchical path /TOP_levelModule/Decoser_inst/segTop_OBUF[2]_inst_i_6 in the HDL hierarchy, annotation will be skipped.
WARNING: [XSIM 43-3477] Unable to find hierarchical path /TOP_levelModule/Decoser_inst/segTop_OBUF[2]_inst_i_7 in the HDL hierarchy, annotation will be skipped.
WARNING: [XSIM 43-3477] Unable to find hierarchical path /TOP_levelModule/Decoser_inst/segTop_OBUF[2]_inst_i_8 in the HDL hierarchy, annotation will be skipped.
WARNING: [XSIM 43-3477] Unable to find hierarchical path /TOP_levelModule/Decoser_inst/segTop_OBUF[2]_inst_i_9 in the HDL hierarchy, annotation will be skipped.
WARNING: [XSIM 43-3477] Unable to find hierarchical path /TOP_levelModule/Decoser_inst/segTop_OBUF[3]_inst_i_1 in the HDL hierarchy, annotation will be skipped.
WARNING: [XSIM 43-3477] Unable to find hierarchical path /TOP_levelModule/Decoser_inst/segTop_OBUF[3]_inst_i_10 in the HDL hierarchy, annotation will be skipped.
WARNING: [XSIM 43-3477] Unable to find hierarchical path /TOP_levelModule/Decoser_inst/segTop_OBUF[3]_inst_i_11 in the HDL hierarchy, annotation will be skipped.
WARNING: [XSIM 43-3477] Unable to find hierarchical path /TOP_levelModule/Decoser_inst/segTop_OBUF[3]_inst_i_2 in the HDL hierarchy, annotation will be skipped.
WARNING: [XSIM 43-3477] Unable to find hierarchical path /TOP_levelModule/Decoser_inst/segTop_OBUF[3]_inst_i_3 in the HDL hierarchy, annotation will be skipped.
WARNING: [XSIM 43-3477] Unable to find hierarchical path /TOP_levelModule/Decoser_inst/segTop_OBUF[3]_inst_i_4 in the HDL hierarchy, annotation will be skipped.
WARNING: [XSIM 43-3477] Unable to find hierarchical path /TOP_levelModule/Decoser_inst/segTop_OBUF[3]_inst_i_5 in the HDL hierarchy, annotation will be skipped.
WARNING: [XSIM 43-3477] Unable to find hierarchical path /TOP_levelModule/Decoser_inst/segTop_OBUF[3]_inst_i_6 in the HDL hierarchy, annotation will be skipped.
WARNING: [XSIM 43-3477] Unable to find hierarchical path /TOP_levelModule/Decoser_inst/segTop_OBUF[3]_inst_i_7 in the HDL hierarchy, annotation will be skipped.
WARNING: [XSIM 43-3477] Unable to find hierarchical path /TOP_levelModule/Decoser_inst/segTop_OBUF[3]_inst_i_8 in the HDL hierarchy, annotation will be skipped.
WARNING: [XSIM 43-3477] Unable to find hierarchical path /TOP_levelModule/Decoser_inst/segTop_OBUF[3]_inst_i_9 in the HDL hierarchy, annotation will be skipped.
WARNING: [XSIM 43-3477] Unable to find hierarchical path /TOP_levelModule/Decoser_inst/segTop_OBUF[4]_inst_i_1 in the HDL hierarchy, annotation will be skipped.
WARNING: [XSIM 43-3477] Unable to find hierarchical path /TOP_levelModule/Decoser_inst/segTop_OBUF[4]_inst_i_10 in the HDL hierarchy, annotation will be skipped.
WARNING: [XSIM 43-3477] Unable to find hierarchical path /TOP_levelModule/Decoser_inst/segTop_OBUF[4]_inst_i_11 in the HDL hierarchy, annotation will be skipped.
WARNING: [XSIM 43-3477] Unable to find hierarchical path /TOP_levelModule/Decoser_inst/segTop_OBUF[4]_inst_i_12 in the HDL hierarchy, annotation will be skipped.
WARNING: [XSIM 43-3477] Unable to find hierarchical path /TOP_levelModule/Decoser_inst/segTop_OBUF[4]_inst_i_2 in the HDL hierarchy, annotation will be skipped.
WARNING: [XSIM 43-3477] Unable to find hierarchical path /TOP_levelModule/Decoser_inst/segTop_OBUF[4]_inst_i_3 in the HDL hierarchy, annotation will be skipped.
WARNING: [XSIM 43-3477] Unable to find hierarchical path /TOP_levelModule/Decoser_inst/segTop_OBUF[4]_inst_i_4 in the HDL hierarchy, annotation will be skipped.
WARNING: [XSIM 43-3477] Unable to find hierarchical path /TOP_levelModule/Decoser_inst/segTop_OBUF[4]_inst_i_5 in the HDL hierarchy, annotation will be skipped.
WARNING: [XSIM 43-3477] Unable to find hierarchical path /TOP_levelModule/Decoser_inst/segTop_OBUF[4]_inst_i_6 in the HDL hierarchy, annotation will be skipped.
WARNING: [XSIM 43-3477] Unable to find hierarchical path /TOP_levelModule/Decoser_inst/segTop_OBUF[4]_inst_i_7 in the HDL hierarchy, annotation will be skipped.
WARNING: [XSIM 43-3477] Unable to find hierarchical path /TOP_levelModule/Decoser_inst/segTop_OBUF[4]_inst_i_8 in the HDL hierarchy, annotation will be skipped.
WARNING: [XSIM 43-3477] Unable to find hierarchical path /TOP_levelModule/Decoser_inst/segTop_OBUF[4]_inst_i_9 in the HDL hierarchy, annotation will be skipped.
WARNING: [XSIM 43-3477] Unable to find hierarchical path /TOP_levelModule/Decoser_inst/segTop_OBUF[5]_inst_i_1 in the HDL hierarchy, annotation will be skipped.
WARNING: [XSIM 43-3477] Unable to find hierarchical path /TOP_levelModule/Decoser_inst/segTop_OBUF[5]_inst_i_2 in the HDL hierarchy, annotation will be skipped.
WARNING: [XSIM 43-3477] Unable to find hierarchical path /TOP_levelModule/Decoser_inst/segTop_OBUF[5]_inst_i_3 in the HDL hierarchy, annotation will be skipped.
WARNING: [XSIM 43-3477] Unable to find hierarchical path /TOP_levelModule/Decoser_inst/segTop_OBUF[5]_inst_i_4 in the HDL hierarchy, annotation will be skipped.
WARNING: [XSIM 43-3477] Unable to find hierarchical path /TOP_levelModule/Decoser_inst/segTop_OBUF[5]_inst_i_5 in the HDL hierarchy, annotation will be skipped.
WARNING: [XSIM 43-3477] Unable to find hierarchical path /TOP_levelModule/Decoser_inst/segTop_OBUF[5]_inst_i_6 in the HDL hierarchy, annotation will be skipped.
WARNING: [XSIM 43-3477] Unable to find hierarchical path /TOP_levelModule/Decoser_inst/segTop_OBUF[5]_inst_i_7 in the HDL hierarchy, annotation will be skipped.
WARNING: [XSIM 43-3477] Unable to find hierarchical path /TOP_levelModule/Decoser_inst/segTop_OBUF[5]_inst_i_8 in the HDL hierarchy, annotation will be skipped.
WARNING: [XSIM 43-3477] Unable to find hierarchical path /TOP_levelModule/Decoser_inst/segTop_OBUF[6]_inst_i_1 in the HDL hierarchy, annotation will be skipped.
WARNING: [XSIM 43-3477] Unable to find hierarchical path /TOP_levelModule/Decoser_inst/segTop_OBUF[6]_inst_i_10 in the HDL hierarchy, annotation will be skipped.
WARNING: [XSIM 43-3477] Unable to find hierarchical path /TOP_levelModule/Decoser_inst/segTop_OBUF[6]_inst_i_11 in the HDL hierarchy, annotation will be skipped.
WARNING: [XSIM 43-3477] Unable to find hierarchical path /TOP_levelModule/Decoser_inst/segTop_OBUF[6]_inst_i_12 in the HDL hierarchy, annotation will be skipped.
WARNING: [XSIM 43-3477] Unable to find hierarchical path /TOP_levelModule/Decoser_inst/segTop_OBUF[6]_inst_i_13 in the HDL hierarchy, annotation will be skipped.
WARNING: [XSIM 43-3477] Unable to find hierarchical path /TOP_levelModule/Decoser_inst/segTop_OBUF[6]_inst_i_14 in the HDL hierarchy, annotation will be skipped.
WARNING: [XSIM 43-3477] Unable to find hierarchical path /TOP_levelModule/Decoser_inst/segTop_OBUF[6]_inst_i_15 in the HDL hierarchy, annotation will be skipped.
WARNING: [XSIM 43-3477] Unable to find hierarchical path /TOP_levelModule/Decoser_inst/segTop_OBUF[6]_inst_i_2 in the HDL hierarchy, annotation will be skipped.
WARNING: [XSIM 43-3477] Unable to find hierarchical path /TOP_levelModule/Decoser_inst/segTop_OBUF[6]_inst_i_3 in the HDL hierarchy, annotation will be skipped.
WARNING: [XSIM 43-3477] Unable to find hierarchical path /TOP_levelModule/Decoser_inst/segTop_OBUF[6]_inst_i_4 in the HDL hierarchy, annotation will be skipped.
WARNING: [XSIM 43-3477] Unable to find hierarchical path /TOP_levelModule/Decoser_inst/segTop_OBUF[6]_inst_i_5 in the HDL hierarchy, annotation will be skipped.
WARNING: [XSIM 43-3477] Unable to find hierarchical path /TOP_levelModule/Decoser_inst/segTop_OBUF[6]_inst_i_6 in the HDL hierarchy, annotation will be skipped.
WARNING: [XSIM 43-3477] Unable to find hierarchical path /TOP_levelModule/Decoser_inst/segTop_OBUF[6]_inst_i_7 in the HDL hierarchy, annotation will be skipped.
WARNING: [XSIM 43-3477] Unable to find hierarchical path /TOP_levelModule/Decoser_inst/segTop_OBUF[6]_inst_i_8 in the HDL hierarchy, annotation will be skipped.
WARNING: [XSIM 43-3477] Unable to find hierarchical path /TOP_levelModule/Decoser_inst/segTop_OBUF[6]_inst_i_9 in the HDL hierarchy, annotation will be skipped.
WARNING: [XSIM 43-3477] Unable to find hierarchical path /TOP_levelModule/Encoder_LED_inst/i[0]_i_1 in the HDL hierarchy, annotation will be skipped.
WARNING: [XSIM 43-3477] Unable to find hierarchical path /TOP_levelModule/Encoder_LED_inst/i[1]_i_1 in the HDL hierarchy, annotation will be skipped.
WARNING: [XSIM 43-3477] Unable to find hierarchical path /TOP_levelModule/Encoder_LED_inst/i[2]_i_1 in the HDL hierarchy, annotation will be skipped.
WARNING: [XSIM 43-3477] Unable to find hierarchical path /TOP_levelModule/Encoder_LED_inst/i[3]_i_1 in the HDL hierarchy, annotation will be skipped.
WARNING: [XSIM 43-3477] Unable to find hierarchical path /TOP_levelModule/Encoder_LED_inst/i_reg[0] in the HDL hierarchy, annotation will be skipped.
WARNING: [XSIM 43-3477] Unable to find hierarchical path /TOP_levelModule/Encoder_LED_inst/i_reg[1] in the HDL hierarchy, annotation will be skipped.
WARNING: [XSIM 43-3477] Unable to find hierarchical path /TOP_levelModule/Encoder_LED_inst/i_reg[2] in the HDL hierarchy, annotation will be skipped.
WARNING: [XSIM 43-3477] Unable to find hierarchical path /TOP_levelModule/Encoder_LED_inst/i_reg[3] in the HDL hierarchy, annotation will be skipped.
WARNING: [XSIM 43-3477] Unable to find hierarchical path /TOP_levelModule/Encoder_LED_inst/wait_timer_off[10]_i_1 in the HDL hierarchy, annotation will be skipped.
WARNING: [XSIM 43-3477] Unable to find hierarchical path /TOP_levelModule/Encoder_LED_inst/wait_timer_off[10]_i_2 in the HDL hierarchy, annotation will be skipped.
WARNING: [XSIM 43-3477] Unable to find hierarchical path /TOP_levelModule/Encoder_LED_inst/wait_timer_off[10]_i_3 in the HDL hierarchy, annotation will be skipped.
WARNING: [XSIM 43-3477] Unable to find hierarchical path /TOP_levelModule/Encoder_LED_inst/wait_timer_off[10]_i_4 in the HDL hierarchy, annotation will be skipped.
WARNING: [XSIM 43-3477] Unable to find hierarchical path /TOP_levelModule/Encoder_LED_inst/wait_timer_off[10]_i_5 in the HDL hierarchy, annotation will be skipped.
WARNING: [XSIM 43-3477] Unable to find hierarchical path /TOP_levelModule/Encoder_LED_inst/wait_timer_off[14]_i_1 in the HDL hierarchy, annotation will be skipped.
WARNING: [XSIM 43-3477] Unable to find hierarchical path /TOP_levelModule/Encoder_LED_inst/wait_timer_off[15]_i_1 in the HDL hierarchy, annotation will be skipped.
WARNING: [XSIM 43-3477] Unable to find hierarchical path /TOP_levelModule/Encoder_LED_inst/wait_timer_off[16]_i_1 in the HDL hierarchy, annotation will be skipped.
WARNING: [XSIM 43-3477] Unable to find hierarchical path /TOP_levelModule/Encoder_LED_inst/wait_timer_off[18]_i_1 in the HDL hierarchy, annotation will be skipped.
WARNING: [XSIM 43-3477] Unable to find hierarchical path /TOP_levelModule/Encoder_LED_inst/wait_timer_off[19]_i_1 in the HDL hierarchy, annotation will be skipped.
WARNING: [XSIM 43-3477] Unable to find hierarchical path /TOP_levelModule/Encoder_LED_inst/wait_timer_off[19]_i_2 in the HDL hierarchy, annotation will be skipped.
WARNING: [XSIM 43-3477] Unable to find hierarchical path /TOP_levelModule/Encoder_LED_inst/wait_timer_off[21]_i_1 in the HDL hierarchy, annotation will be skipped.
WARNING: [XSIM 43-3477] Unable to find hierarchical path /TOP_levelModule/Encoder_LED_inst/wait_timer_off[21]_i_2 in the HDL hierarchy, annotation will be skipped.
WARNING: [XSIM 43-3477] Unable to find hierarchical path /TOP_levelModule/Encoder_LED_inst/wait_timer_off[21]_i_3 in the HDL hierarchy, annotation will be skipped.
WARNING: [XSIM 43-3477] Unable to find hierarchical path /TOP_levelModule/Encoder_LED_inst/wait_timer_off[3]_i_2 in the HDL hierarchy, annotation will be skipped.
WARNING: [XSIM 43-3477] Unable to find hierarchical path /TOP_levelModule/Encoder_LED_inst/wait_timer_off[6]_i_1 in the HDL hierarchy, annotation will be skipped.
WARNING: [XSIM 43-3477] Unable to find hierarchical path /TOP_levelModule/Encoder_LED_inst/wait_timer_off[7]_i_1 in the HDL hierarchy, annotation will be skipped.
WARNING: [XSIM 43-3477] Unable to find hierarchical path /TOP_levelModule/Encoder_LED_inst/wait_timer_off[9]_i_1 in the HDL hierarchy, annotation will be skipped.
WARNING: [XSIM 43-3477] Unable to find hierarchical path /TOP_levelModule/Encoder_LED_inst/wait_timer_off_reg[0] in the HDL hierarchy, annotation will be skipped.
WARNING: [XSIM 43-3477] Unable to find hierarchical path /TOP_levelModule/Encoder_LED_inst/wait_timer_off_reg[10] in the HDL hierarchy, annotation will be skipped.
WARNING: [XSIM 43-3477] Unable to find hierarchical path /TOP_levelModule/Encoder_LED_inst/wait_timer_off_reg[11] in the HDL hierarchy, annotation will be skipped.
WARNING: [XSIM 43-3477] Unable to find hierarchical path /TOP_levelModule/Encoder_LED_inst/wait_timer_off_reg[11]_i_1 in the HDL hierarchy, annotation will be skipped.
WARNING: [XSIM 43-3477] Unable to find hierarchical path /TOP_levelModule/Encoder_LED_inst/wait_timer_off_reg[12] in the HDL hierarchy, annotation will be skipped.
WARNING: [XSIM 43-3477] Unable to find hierarchical path /TOP_levelModule/Encoder_LED_inst/wait_timer_off_reg[13] in the HDL hierarchy, annotation will be skipped.
WARNING: [XSIM 43-3477] Unable to find hierarchical path /TOP_levelModule/Encoder_LED_inst/wait_timer_off_reg[13]_i_1 in the HDL hierarchy, annotation will be skipped.
WARNING: [XSIM 43-3477] Unable to find hierarchical path /TOP_levelModule/Encoder_LED_inst/wait_timer_off_reg[14] in the HDL hierarchy, annotation will be skipped.
WARNING: [XSIM 43-3477] Unable to find hierarchical path /TOP_levelModule/Encoder_LED_inst/wait_timer_off_reg[15] in the HDL hierarchy, annotation will be skipped.
WARNING: [XSIM 43-3477] Unable to find hierarchical path /TOP_levelModule/Encoder_LED_inst/wait_timer_off_reg[16] in the HDL hierarchy, annotation will be skipped.
WARNING: [XSIM 43-3477] Unable to find hierarchical path /TOP_levelModule/Encoder_LED_inst/wait_timer_off_reg[17] in the HDL hierarchy, annotation will be skipped.
WARNING: [XSIM 43-3477] Unable to find hierarchical path /TOP_levelModule/Encoder_LED_inst/wait_timer_off_reg[17]_i_1 in the HDL hierarchy, annotation will be skipped.
WARNING: [XSIM 43-3477] Unable to find hierarchical path /TOP_levelModule/Encoder_LED_inst/wait_timer_off_reg[18] in the HDL hierarchy, annotation will be skipped.
WARNING: [XSIM 43-3477] Unable to find hierarchical path /TOP_levelModule/Encoder_LED_inst/wait_timer_off_reg[19] in the HDL hierarchy, annotation will be skipped.
WARNING: [XSIM 43-3477] Unable to find hierarchical path /TOP_levelModule/Encoder_LED_inst/wait_timer_off_reg[1] in the HDL hierarchy, annotation will be skipped.
WARNING: [XSIM 43-3477] Unable to find hierarchical path /TOP_levelModule/Encoder_LED_inst/wait_timer_off_reg[20] in the HDL hierarchy, annotation will be skipped.
WARNING: [XSIM 43-3477] Unable to find hierarchical path /TOP_levelModule/Encoder_LED_inst/wait_timer_off_reg[20]_i_1 in the HDL hierarchy, annotation will be skipped.
WARNING: [XSIM 43-3477] Unable to find hierarchical path /TOP_levelModule/Encoder_LED_inst/wait_timer_off_reg[21] in the HDL hierarchy, annotation will be skipped.
WARNING: [XSIM 43-3477] Unable to find hierarchical path /TOP_levelModule/Encoder_LED_inst/wait_timer_off_reg[2] in the HDL hierarchy, annotation will be skipped.
WARNING: [XSIM 43-3477] Unable to find hierarchical path /TOP_levelModule/Encoder_LED_inst/wait_timer_off_reg[3] in the HDL hierarchy, annotation will be skipped.
WARNING: [XSIM 43-3477] Unable to find hierarchical path /TOP_levelModule/Encoder_LED_inst/wait_timer_off_reg[3]_i_1 in the HDL hierarchy, annotation will be skipped.
WARNING: [XSIM 43-3477] Unable to find hierarchical path /TOP_levelModule/Encoder_LED_inst/wait_timer_off_reg[4] in the HDL hierarchy, annotation will be skipped.
WARNING: [XSIM 43-3477] Unable to find hierarchical path /TOP_levelModule/Encoder_LED_inst/wait_timer_off_reg[5] in the HDL hierarchy, annotation will be skipped.
WARNING: [XSIM 43-3477] Unable to find hierarchical path /TOP_levelModule/Encoder_LED_inst/wait_timer_off_reg[5]_i_1 in the HDL hierarchy, annotation will be skipped.
WARNING: [XSIM 43-3477] Unable to find hierarchical path /TOP_levelModule/Encoder_LED_inst/wait_timer_off_reg[6] in the HDL hierarchy, annotation will be skipped.
WARNING: [XSIM 43-3477] Unable to find hierarchical path /TOP_levelModule/Encoder_LED_inst/wait_timer_off_reg[7] in the HDL hierarchy, annotation will be skipped.
WARNING: [XSIM 43-3477] Unable to find hierarchical path /TOP_levelModule/Encoder_LED_inst/wait_timer_off_reg[8] in the HDL hierarchy, annotation will be skipped.
WARNING: [XSIM 43-3477] Unable to find hierarchical path /TOP_levelModule/Encoder_LED_inst/wait_timer_off_reg[9] in the HDL hierarchy, annotation will be skipped.
WARNING: [XSIM 43-3477] Unable to find hierarchical path /TOP_levelModule/Encoder_LED_inst/wait_timer_on[11]_i_1 in the HDL hierarchy, annotation will be skipped.
WARNING: [XSIM 43-3477] Unable to find hierarchical path /TOP_levelModule/Encoder_LED_inst/wait_timer_on[11]_i_2 in the HDL hierarchy, annotation will be skipped.
WARNING: [XSIM 43-3477] Unable to find hierarchical path /TOP_levelModule/Encoder_LED_inst/wait_timer_on[11]_i_3 in the HDL hierarchy, annotation will be skipped.
WARNING: [XSIM 43-3477] Unable to find hierarchical path /TOP_levelModule/Encoder_LED_inst/wait_timer_on[11]_i_4 in the HDL hierarchy, annotation will be skipped.
WARNING: [XSIM 43-3477] Unable to find hierarchical path /TOP_levelModule/Encoder_LED_inst/wait_timer_on[11]_i_5 in the HDL hierarchy, annotation will be skipped.
WARNING: [XSIM 43-3477] Unable to find hierarchical path /TOP_levelModule/Encoder_LED_inst/wait_timer_on[14]_i_1 in the HDL hierarchy, annotation will be skipped.
WARNING: [XSIM 43-3477] Unable to find hierarchical path /TOP_levelModule/Encoder_LED_inst/wait_timer_on[14]_i_2 in the HDL hierarchy, annotation will be skipped.
WARNING: [XSIM 43-3477] Unable to find hierarchical path /TOP_levelModule/Encoder_LED_inst/wait_timer_on[14]_i_3 in the HDL hierarchy, annotation will be skipped.
WARNING: [XSIM 43-3477] Unable to find hierarchical path /TOP_levelModule/Encoder_LED_inst/wait_timer_on[14]_i_4 in the HDL hierarchy, annotation will be skipped.
WARNING: [XSIM 43-3477] Unable to find hierarchical path /TOP_levelModule/Encoder_LED_inst/wait_timer_on[14]_i_5 in the HDL hierarchy, annotation will be skipped.
WARNING: [XSIM 43-3477] Unable to find hierarchical path /TOP_levelModule/Encoder_LED_inst/wait_timer_on[14]_i_6 in the HDL hierarchy, annotation will be skipped.
WARNING: [XSIM 43-3477] Unable to find hierarchical path /TOP_levelModule/Encoder_LED_inst/wait_timer_on[18]_i_1 in the HDL hierarchy, annotation will be skipped.
WARNING: [XSIM 43-3477] Unable to find hierarchical path /TOP_levelModule/Encoder_LED_inst/wait_timer_on[19]_i_1 in the HDL hierarchy, annotation will be skipped.
WARNING: [XSIM 43-3477] Unable to find hierarchical path /TOP_levelModule/Encoder_LED_inst/wait_timer_on[19]_i_2 in the HDL hierarchy, annotation will be skipped.
WARNING: [XSIM 43-3477] Unable to find hierarchical path /TOP_levelModule/Encoder_LED_inst/wait_timer_on[22]_i_1 in the HDL hierarchy, annotation will be skipped.
WARNING: [XSIM 43-3477] Unable to find hierarchical path /TOP_levelModule/Encoder_LED_inst/wait_timer_on[22]_i_2 in the HDL hierarchy, annotation will be skipped.
WARNING: [XSIM 43-3477] Unable to find hierarchical path /TOP_levelModule/Encoder_LED_inst/wait_timer_on[22]_i_3 in the HDL hierarchy, annotation will be skipped.
WARNING: [XSIM 43-3477] Unable to find hierarchical path /TOP_levelModule/Encoder_LED_inst/wait_timer_on[22]_i_4 in the HDL hierarchy, annotation will be skipped.
WARNING: [XSIM 43-3477] Unable to find hierarchical path /TOP_levelModule/Encoder_LED_inst/wait_timer_on[3]_i_10 in the HDL hierarchy, annotation will be skipped.
WARNING: [XSIM 43-3477] Unable to find hierarchical path /TOP_levelModule/Encoder_LED_inst/wait_timer_on[3]_i_11 in the HDL hierarchy, annotation will be skipped.
WARNING: [XSIM 43-3477] Unable to find hierarchical path /TOP_levelModule/Encoder_LED_inst/wait_timer_on[3]_i_12 in the HDL hierarchy, annotation will be skipped.
WARNING: [XSIM 43-3477] Unable to find hierarchical path /TOP_levelModule/Encoder_LED_inst/wait_timer_on[3]_i_2 in the HDL hierarchy, annotation will be skipped.
WARNING: [XSIM 43-3477] Unable to find hierarchical path /TOP_levelModule/Encoder_LED_inst/wait_timer_on[3]_i_3 in the HDL hierarchy, annotation will be skipped.
WARNING: [XSIM 43-3477] Unable to find hierarchical path /TOP_levelModule/Encoder_LED_inst/wait_timer_on[3]_i_4 in the HDL hierarchy, annotation will be skipped.
WARNING: [XSIM 43-3477] Unable to find hierarchical path /TOP_levelModule/Encoder_LED_inst/wait_timer_on[3]_i_5 in the HDL hierarchy, annotation will be skipped.
WARNING: [XSIM 43-3477] Unable to find hierarchical path /TOP_levelModule/Encoder_LED_inst/wait_timer_on[3]_i_6 in the HDL hierarchy, annotation will be skipped.
WARNING: [XSIM 43-3477] Unable to find hierarchical path /TOP_levelModule/Encoder_LED_inst/wait_timer_on[3]_i_7 in the HDL hierarchy, annotation will be skipped.
WARNING: [XSIM 43-3477] Unable to find hierarchical path /TOP_levelModule/Encoder_LED_inst/wait_timer_on[3]_i_8 in the HDL hierarchy, annotation will be skipped.
WARNING: [XSIM 43-3477] Unable to find hierarchical path /TOP_levelModule/Encoder_LED_inst/wait_timer_on[3]_i_9 in the HDL hierarchy, annotation will be skipped.
WARNING: [XSIM 43-3477] Unable to find hierarchical path /TOP_levelModule/Encoder_LED_inst/wait_timer_on[6]_i_1 in the HDL hierarchy, annotation will be skipped.
WARNING: [XSIM 43-3477] Unable to find hierarchical path /TOP_levelModule/Encoder_LED_inst/wait_timer_on[8]_i_1 in the HDL hierarchy, annotation will be skipped.
WARNING: [XSIM 43-3477] Unable to find hierarchical path /TOP_levelModule/Encoder_LED_inst/wait_timer_on[8]_i_2 in the HDL hierarchy, annotation will be skipped.
WARNING: [XSIM 43-3477] Unable to find hierarchical path /TOP_levelModule/Encoder_LED_inst/wait_timer_on[9]_i_1 in the HDL hierarchy, annotation will be skipped.
WARNING: [XSIM 43-3477] Unable to find hierarchical path /TOP_levelModule/Encoder_LED_inst/wait_timer_on_reg[0] in the HDL hierarchy, annotation will be skipped.
WARNING: [XSIM 43-3477] Unable to find hierarchical path /TOP_levelModule/Encoder_LED_inst/wait_timer_on_reg[10] in the HDL hierarchy, annotation will be skipped.
WARNING: [XSIM 43-3477] Unable to find hierarchical path /TOP_levelModule/Encoder_LED_inst/wait_timer_on_reg[10]_i_1 in the HDL hierarchy, annotation will be skipped.
WARNING: [XSIM 43-3477] Unable to find hierarchical path /TOP_levelModule/Encoder_LED_inst/wait_timer_on_reg[11] in the HDL hierarchy, annotation will be skipped.
WARNING: [XSIM 43-3477] Unable to find hierarchical path /TOP_levelModule/Encoder_LED_inst/wait_timer_on_reg[12] in the HDL hierarchy, annotation will be skipped.
WARNING: [XSIM 43-3477] Unable to find hierarchical path /TOP_levelModule/Encoder_LED_inst/wait_timer_on_reg[13] in the HDL hierarchy, annotation will be skipped.
WARNING: [XSIM 43-3477] Unable to find hierarchical path /TOP_levelModule/Encoder_LED_inst/wait_timer_on_reg[14] in the HDL hierarchy, annotation will be skipped.
WARNING: [XSIM 43-3477] Unable to find hierarchical path /TOP_levelModule/Encoder_LED_inst/wait_timer_on_reg[15] in the HDL hierarchy, annotation will be skipped.
WARNING: [XSIM 43-3477] Unable to find hierarchical path /TOP_levelModule/Encoder_LED_inst/wait_timer_on_reg[15]_i_1 in the HDL hierarchy, annotation will be skipped.
WARNING: [XSIM 43-3477] Unable to find hierarchical path /TOP_levelModule/Encoder_LED_inst/wait_timer_on_reg[16] in the HDL hierarchy, annotation will be skipped.
WARNING: [XSIM 43-3477] Unable to find hierarchical path /TOP_levelModule/Encoder_LED_inst/wait_timer_on_reg[17] in the HDL hierarchy, annotation will be skipped.
WARNING: [XSIM 43-3477] Unable to find hierarchical path /TOP_levelModule/Encoder_LED_inst/wait_timer_on_reg[17]_i_1 in the HDL hierarchy, annotation will be skipped.
WARNING: [XSIM 43-3477] Unable to find hierarchical path /TOP_levelModule/Encoder_LED_inst/wait_timer_on_reg[18] in the HDL hierarchy, annotation will be skipped.
WARNING: [XSIM 43-3477] Unable to find hierarchical path /TOP_levelModule/Encoder_LED_inst/wait_timer_on_reg[19] in the HDL hierarchy, annotation will be skipped.
WARNING: [XSIM 43-3477] Unable to find hierarchical path /TOP_levelModule/Encoder_LED_inst/wait_timer_on_reg[1] in the HDL hierarchy, annotation will be skipped.
WARNING: [XSIM 43-3477] Unable to find hierarchical path /TOP_levelModule/Encoder_LED_inst/wait_timer_on_reg[20] in the HDL hierarchy, annotation will be skipped.
WARNING: [XSIM 43-3477] Unable to find hierarchical path /TOP_levelModule/Encoder_LED_inst/wait_timer_on_reg[21] in the HDL hierarchy, annotation will be skipped.
WARNING: [XSIM 43-3477] Unable to find hierarchical path /TOP_levelModule/Encoder_LED_inst/wait_timer_on_reg[21]_i_1 in the HDL hierarchy, annotation will be skipped.
WARNING: [XSIM 43-3477] Unable to find hierarchical path /TOP_levelModule/Encoder_LED_inst/wait_timer_on_reg[22] in the HDL hierarchy, annotation will be skipped.
WARNING: [XSIM 43-3477] Unable to find hierarchical path /TOP_levelModule/Encoder_LED_inst/wait_timer_on_reg[2] in the HDL hierarchy, annotation will be skipped.
WARNING: [XSIM 43-3477] Unable to find hierarchical path /TOP_levelModule/Encoder_LED_inst/wait_timer_on_reg[3] in the HDL hierarchy, annotation will be skipped.
WARNING: [XSIM 43-3477] Unable to find hierarchical path /TOP_levelModule/Encoder_LED_inst/wait_timer_on_reg[3]_i_1 in the HDL hierarchy, annotation will be skipped.
WARNING: [XSIM 43-3477] Unable to find hierarchical path /TOP_levelModule/Encoder_LED_inst/wait_timer_on_reg[4] in the HDL hierarchy, annotation will be skipped.
WARNING: [XSIM 43-3477] Unable to find hierarchical path /TOP_levelModule/Encoder_LED_inst/wait_timer_on_reg[5] in the HDL hierarchy, annotation will be skipped.
WARNING: [XSIM 43-3477] Unable to find hierarchical path /TOP_levelModule/Encoder_LED_inst/wait_timer_on_reg[6] in the HDL hierarchy, annotation will be skipped.
WARNING: [XSIM 43-3477] Unable to find hierarchical path /TOP_levelModule/Encoder_LED_inst/wait_timer_on_reg[7] in the HDL hierarchy, annotation will be skipped.
WARNING: [XSIM 43-3477] Unable to find hierarchical path /TOP_levelModule/Encoder_LED_inst/wait_timer_on_reg[7]_i_1 in the HDL hierarchy, annotation will be skipped.
WARNING: [XSIM 43-3477] Unable to find hierarchical path /TOP_levelModule/Encoder_LED_inst/wait_timer_on_reg[8] in the HDL hierarchy, annotation will be skipped.
WARNING: [XSIM 43-3477] Unable to find hierarchical path /TOP_levelModule/Encoder_LED_inst/wait_timer_on_reg[9] in the HDL hierarchy, annotation will be skipped.
WARNING: [XSIM 43-3477] Unable to find hierarchical path /TOP_levelModule/anTop_OBUF[0]_inst in the HDL hierarchy, annotation will be skipped.
WARNING: [XSIM 43-3477] Unable to find hierarchical path /TOP_levelModule/anTop_OBUF[1]_inst in the HDL hierarchy, annotation will be skipped.
WARNING: [XSIM 43-3477] Unable to find hierarchical path /TOP_levelModule/anTop_OBUF[2]_inst in the HDL hierarchy, annotation will be skipped.
WARNING: [XSIM 43-3477] Unable to find hierarchical path /TOP_levelModule/anTop_OBUF[3]_inst in the HDL hierarchy, annotation will be skipped.
WARNING: [XSIM 43-3477] Unable to find hierarchical path /TOP_levelModule/clock_divider/count[0]_i_1 in the HDL hierarchy, annotation will be skipped.
WARNING: [XSIM 43-3477] Unable to find hierarchical path /TOP_levelModule/clock_divider/count[1]_i_1 in the HDL hierarchy, annotation will be skipped.
WARNING: [XSIM 43-3477] Unable to find hierarchical path /TOP_levelModule/clock_divider/count[2]_i_1 in the HDL hierarchy, annotation will be skipped.
WARNING: [XSIM 43-3477] Unable to find hierarchical path /TOP_levelModule/clock_divider/count[3]_i_1 in the HDL hierarchy, annotation will be skipped.
WARNING: [XSIM 43-3477] Unable to find hierarchical path /TOP_levelModule/clock_divider/count_reg[0] in the HDL hierarchy, annotation will be skipped.
WARNING: [XSIM 43-3477] Unable to find hierarchical path /TOP_levelModule/clock_divider/count_reg[1] in the HDL hierarchy, annotation will be skipped.
WARNING: [XSIM 43-3477] Unable to find hierarchical path /TOP_levelModule/clock_divider/count_reg[2] in the HDL hierarchy, annotation will be skipped.
WARNING: [XSIM 43-3477] Unable to find hierarchical path /TOP_levelModule/clock_divider/count_reg[3] in the HDL hierarchy, annotation will be skipped.
WARNING: [XSIM 43-3477] Unable to find hierarchical path /TOP_levelModule/segTop_OBUF[0]_inst in the HDL hierarchy, annotation will be skipped.
WARNING: [XSIM 43-3477] Unable to find hierarchical path /TOP_levelModule/segTop_OBUF[1]_inst in the HDL hierarchy, annotation will be skipped.
WARNING: [XSIM 43-3477] Unable to find hierarchical path /TOP_levelModule/segTop_OBUF[2]_inst in the HDL hierarchy, annotation will be skipped.
WARNING: [XSIM 43-3477] Unable to find hierarchical path /TOP_levelModule/segTop_OBUF[3]_inst in the HDL hierarchy, annotation will be skipped.
WARNING: [XSIM 43-3477] Unable to find hierarchical path /TOP_levelModule/segTop_OBUF[4]_inst in the HDL hierarchy, annotation will be skipped.
WARNING: [XSIM 43-3477] Unable to find hierarchical path /TOP_levelModule/segTop_OBUF[5]_inst in the HDL hierarchy, annotation will be skipped.
WARNING: [XSIM 43-3477] Unable to find hierarchical path /TOP_levelModule/segTop_OBUF[6]_inst in the HDL hierarchy, annotation will be skipped.
WARNING: [XSIM 43-3477] Unable to find hierarchical path /TOP_levelModule/swt_IBUF[0]_inst in the HDL hierarchy, annotation will be skipped.
WARNING: [XSIM 43-3477] Unable to find hierarchical path /TOP_levelModule/swt_IBUF[1]_inst in the HDL hierarchy, annotation will be skipped.
WARNING: [XSIM 43-3477] Unable to find hierarchical path /TOP_levelModule/swt_IBUF[2]_inst in the HDL hierarchy, annotation will be skipped.
WARNING: [XSIM 43-3477] Unable to find hierarchical path /TOP_levelModule/swt_IBUF[3]_inst in the HDL hierarchy, annotation will be skipped.
WARNING: [XSIM 43-3477] Unable to find hierarchical path /TOP_levelModule/swt_IBUF[4]_inst in the HDL hierarchy, annotation will be skipped.
WARNING: [XSIM 43-3477] Unable to find hierarchical path /TOP_levelModule/swt_IBUF[5]_inst in the HDL hierarchy, annotation will be skipped.
WARNING: [XSIM 43-3477] Unable to find hierarchical path /TOP_levelModule/swt_IBUF[6]_inst in the HDL hierarchy, annotation will be skipped.
WARNING: [XSIM 43-3477] Unable to find hierarchical path /TOP_levelModule/swt_IBUF[7]_inst in the HDL hierarchy, annotation will be skipped.
INFO: [XSIM 43-3452] SDF backannotation was successful for SDF file "TOP_levelModule_time_impl.sdf", for root module "TOP_levelModule".
Time Resolution for simulation is 1ps
Compiling module simprims_ver.FDRE_default
Compiling module simprims_ver.x_lut3_mux8
Compiling module simprims_ver.LUT3
Compiling module simprims_ver.CARRY4
Compiling module simprims_ver.x_lut2_mux4
Compiling module simprims_ver.LUT2
Compiling module simprims_ver.x_lut1_mux2
Compiling module simprims_ver.LUT1
Compiling module xil_defaultlib.DebounceControlModule
Compiling module simprims_ver.LUT4
Compiling module simprims_ver.LUT5
Compiling module simprims_ver.LUT6
Compiling module simprims_ver.FDSE_default
Compiling module xil_defaultlib.Decoder_Morse
Compiling module xil_defaultlib.Encoder_LED
Compiling module simprims_ver.OBUF
Compiling module simprims_ver.BUFG
Compiling module simprims_ver.IBUF
Compiling module xil_defaultlib.Divisore_clk
Compiling module xil_defaultlib.TOP_levelModule
Compiling module xil_defaultlib.glbl
Built simulation snapshot TOP_levelModule_time_impl
